<?xml version="1.0" encoding="UTF-8"?>
<testsuite xmlns:xsi="http://www.w3.org/2001/XMLSchema-instance" xsi:noNamespaceSchemaLocation="https://maven.apache.org/surefire/maven-surefire-plugin/xsd/surefire-test-report.xsd" version="3.0.2" name="com.prueba.fullstacknttdata.FullstacknttdataApplicationTests" time="3.415" tests="1" errors="0" skipped="0" failures="0">
  <properties>
[...]
</properties>
  <testcase name="contextLoads" classname="com.prueba.fullstacknttdata.FullstacknttdataApplicationTests" time="0.911">
    <system-out><![CDATA[13:29:37.618 [main] INFO org.springframework.test.context.support.AnnotationConfigContextLoaderUtils -- Could not detect default configuration classes for test class [com.prueba.fullstacknttdata.FullstacknttdataApplicationTests]: FullstacknttdataApplicationTests does not declare any static, non-private, non-final, nested classes annotated with @Configuration.
13:29:37.768 [main] INFO org.springframework.boot.test.context.SpringBootTestContextBootstrapper -- Found @SpringBootConfiguration com.prueba.fullstacknttdata.FullstacknttdataApplication for test class com.prueba.fullstacknttdata.FullstacknttdataApplicationTests
13:29:37.975 [main] INFO org.springframework.boot.devtools.restart.RestartApplicationListener -- Restart disabled due to context in which it is running

  .   ____          _            __ _ _
 /\\ / ___'_ __ _ _(_)_ __  __ _ \ \ \ \
( ( )\___ | '_ | '_| | '_ \/ _` | \ \ \ \
 \\/  ___)| |_)| | | | | || (_| |  ) ) ) )
  '  |____| .__|_| |_|_| |_\__, | / / / /
 =========|_|==============|___/=/_/_/_/

 :: Spring Boot ::                (v3.4.0)

2024-12-10T13:29:38.316-05:00  INFO 2300 --- [fullstacknttdata] [           main] c.p.f.FullstacknttdataApplicationTests   : Starting FullstacknttdataApplicationTests using Java 17.0.11 with PID 2300 (started by andfr in C:\Users\andfr\Documents\GitHub\alfred\fullstacknttdata)
2024-12-10T13:29:38.318-05:00  INFO 2300 --- [fullstacknttdata] [           main] c.p.f.FullstacknttdataApplicationTests   : No active profile set, falling back to 1 default profile: "default"
com.prueba.fullstacknttdata.models.UserData@72f9f27c
2024-12-10T13:29:39.889-05:00  INFO 2300 --- [fullstacknttdata] [           main] c.p.f.FullstacknttdataApplicationTests   : Started FullstacknttdataApplicationTests in 1.928 seconds (process running for 3.109)
]]></system-out>
  </testcase>
</testsuite>